<?xml version="1.0" encoding="UTF-8"?>
<testsuite xmlns:xsi="http://www.w3.org/2001/XMLSchema-instance" xsi:noNamespaceSchemaLocation="https://maven.apache.org/surefire/maven-surefire-plugin/xsd/surefire-test-report-3.0.xsd" version="3.0" name="com.github.nazdov.slideshow.image.service.DeleteImageServiceTest" time="24.73" tests="1" errors="0" skipped="0" failures="0">
  <properties>
[...]
</properties>
  <testcase name="testDeleteImage_isDeleted" classname="com.github.nazdov.slideshow.image.service.DeleteImageServiceTest" time="1.207">
    <system-out><![CDATA[&amp#27;[2m2024-12-28T22:27:13.010+02:00&amp#27;[0;39m &amp#27;[32m INFO&amp#27;[0;39m &amp#27;[35m90671&amp#27;[0;39m &amp#27;[2m---&amp#27;[0;39m &amp#27;[2m[           main]&amp#27;[0;39m &amp#27;[36mt.c.s.AnnotationConfigContextLoaderUtils&amp#27;[0;39m &amp#27;[2m:&amp#27;[0;39m Could not detect default configuration classes for test class [com.github.nazdov.slideshow.image.service.DeleteImageServiceTest]: DeleteImageServiceTest does not declare any static, non-private, non-final, nested classes annotated with @Configuration.
&amp#27;[2m2024-12-28T22:27:13.024+02:00&amp#27;[0;39m &amp#27;[32m INFO&amp#27;[0;39m &amp#27;[35m90671&amp#27;[0;39m &amp#27;[2m---&amp#27;[0;39m &amp#27;[2m[           main]&amp#27;[0;39m &amp#27;[36m.b.t.c.SpringBootTestContextBootstrapper&amp#27;[0;39m &amp#27;[2m:&amp#27;[0;39m Found @SpringBootConfiguration com.github.nazdov.slideshow.image.DeleteImageApplication for test class com.github.nazdov.slideshow.image.service.DeleteImageServiceTest
&amp#27;[2m2024-12-28T22:27:13.076+02:00&amp#27;[0;39m &amp#27;[32m INFO&amp#27;[0;39m &amp#27;[35m90671&amp#27;[0;39m &amp#27;[2m---&amp#27;[0;39m &amp#27;[2m[           main]&amp#27;[0;39m &amp#27;[36mo.t.utility.ImageNameSubstitutor        &amp#27;[0;39m &amp#27;[2m:&amp#27;[0;39m Image name substitution will be performed by: DefaultImageNameSubstitutor (composite of 'ConfigurationFileImageNameSubstitutor' and 'PrefixingImageNameSubstitutor')
&amp#27;[2m2024-12-28T22:27:13.489+02:00&amp#27;[0;39m &amp#27;[32m INFO&amp#27;[0;39m &amp#27;[35m90671&amp#27;[0;39m &amp#27;[2m---&amp#27;[0;39m &amp#27;[2m[           main]&amp#27;[0;39m &amp#27;[36mo.t.d.DockerClientProviderStrategy      &amp#27;[0;39m &amp#27;[2m:&amp#27;[0;39m Loaded org.testcontainers.dockerclient.UnixSocketClientProviderStrategy from ~/.testcontainers.properties, will try it first
&amp#27;[2m2024-12-28T22:27:14.289+02:00&amp#27;[0;39m &amp#27;[32m INFO&amp#27;[0;39m &amp#27;[35m90671&amp#27;[0;39m &amp#27;[2m---&amp#27;[0;39m &amp#27;[2m[           main]&amp#27;[0;39m &amp#27;[36mo.t.d.DockerClientProviderStrategy      &amp#27;[0;39m &amp#27;[2m:&amp#27;[0;39m Found Docker environment with local Unix socket (unix:///var/run/docker.sock)
&amp#27;[2m2024-12-28T22:27:14.298+02:00&amp#27;[0;39m &amp#27;[32m INFO&amp#27;[0;39m &amp#27;[35m90671&amp#27;[0;39m &amp#27;[2m---&amp#27;[0;39m &amp#27;[2m[           main]&amp#27;[0;39m &amp#27;[36morg.testcontainers.DockerClientFactory  &amp#27;[0;39m &amp#27;[2m:&amp#27;[0;39m Docker host IP address is localhost
&amp#27;[2m2024-12-28T22:27:14.397+02:00&amp#27;[0;39m &amp#27;[32m INFO&amp#27;[0;39m &amp#27;[35m90671&amp#27;[0;39m &amp#27;[2m---&amp#27;[0;39m &amp#27;[2m[           main]&amp#27;[0;39m &amp#27;[36morg.testcontainers.DockerClientFactory  &amp#27;[0;39m &amp#27;[2m:&amp#27;[0;39m Connected to docker: 
  Server Version: 20.10.16
  API Version: 1.41
  Operating System: Docker Desktop
  Total Memory: 3933 MB
&amp#27;[2m2024-12-28T22:27:14.572+02:00&amp#27;[0;39m &amp#27;[32m INFO&amp#27;[0;39m &amp#27;[35m90671&amp#27;[0;39m &amp#27;[2m---&amp#27;[0;39m &amp#27;[2m[           main]&amp#27;[0;39m &amp#27;[36mtc.testcontainers/ryuk:0.5.1            &amp#27;[0;39m &amp#27;[2m:&amp#27;[0;39m Creating container for image: testcontainers/ryuk:0.5.1
&amp#27;[2m2024-12-28T22:27:15.337+02:00&amp#27;[0;39m &amp#27;[32m INFO&amp#27;[0;39m &amp#27;[35m90671&amp#27;[0;39m &amp#27;[2m---&amp#27;[0;39m &amp#27;[2m[           main]&amp#27;[0;39m &amp#27;[36mtc.testcontainers/ryuk:0.5.1            &amp#27;[0;39m &amp#27;[2m:&amp#27;[0;39m Container testcontainers/ryuk:0.5.1 is starting: d0bd370b62914b2af644b313b33408036bae3ac884a8b376d18c4eb1f794ce3a
&amp#27;[2m2024-12-28T22:27:18.207+02:00&amp#27;[0;39m &amp#27;[32m INFO&amp#27;[0;39m &amp#27;[35m90671&amp#27;[0;39m &amp#27;[2m---&amp#27;[0;39m &amp#27;[2m[           main]&amp#27;[0;39m &amp#27;[36mtc.testcontainers/ryuk:0.5.1            &amp#27;[0;39m &amp#27;[2m:&amp#27;[0;39m Container testcontainers/ryuk:0.5.1 started in PT3.800825S
&amp#27;[2m2024-12-28T22:27:18.252+02:00&amp#27;[0;39m &amp#27;[32m INFO&amp#27;[0;39m &amp#27;[35m90671&amp#27;[0;39m &amp#27;[2m---&amp#27;[0;39m &amp#27;[2m[           main]&amp#27;[0;39m &amp#27;[36mo.t.utility.RyukResourceReaper          &amp#27;[0;39m &amp#27;[2m:&amp#27;[0;39m Ryuk started - will monitor and terminate Testcontainers containers on JVM exit
&amp#27;[2m2024-12-28T22:27:18.253+02:00&amp#27;[0;39m &amp#27;[32m INFO&amp#27;[0;39m &amp#27;[35m90671&amp#27;[0;39m &amp#27;[2m---&amp#27;[0;39m &amp#27;[2m[           main]&amp#27;[0;39m &amp#27;[36morg.testcontainers.DockerClientFactory  &amp#27;[0;39m &amp#27;[2m:&amp#27;[0;39m Checking the system...
&amp#27;[2m2024-12-28T22:27:18.255+02:00&amp#27;[0;39m &amp#27;[32m INFO&amp#27;[0;39m &amp#27;[35m90671&amp#27;[0;39m &amp#27;[2m---&amp#27;[0;39m &amp#27;[2m[           main]&amp#27;[0;39m &amp#27;[36morg.testcontainers.DockerClientFactory  &amp#27;[0;39m &amp#27;[2m:&amp#27;[0;39m ✔︎ Docker server version should be at least 1.6.0
&amp#27;[2m2024-12-28T22:27:18.272+02:00&amp#27;[0;39m &amp#27;[32m INFO&amp#27;[0;39m &amp#27;[35m90671&amp#27;[0;39m &amp#27;[2m---&amp#27;[0;39m &amp#27;[2m[           main]&amp#27;[0;39m &amp#27;[36mtc.mysql:8.0                            &amp#27;[0;39m &amp#27;[2m:&amp#27;[0;39m Creating container for image: mysql:8.0
&amp#27;[2m2024-12-28T22:27:19.862+02:00&amp#27;[0;39m &amp#27;[32m INFO&amp#27;[0;39m &amp#27;[35m90671&amp#27;[0;39m &amp#27;[2m---&amp#27;[0;39m &amp#27;[2m[           main]&amp#27;[0;39m &amp#27;[36mtc.mysql:8.0                            &amp#27;[0;39m &amp#27;[2m:&amp#27;[0;39m Container mysql:8.0 is starting: 5ed52b43d65792c3763fce9597495fd8c43452d1c75f996ef15b9f9c72808a8e
&amp#27;[2m2024-12-28T22:27:21.550+02:00&amp#27;[0;39m &amp#27;[32m INFO&amp#27;[0;39m &amp#27;[35m90671&amp#27;[0;39m &amp#27;[2m---&amp#27;[0;39m &amp#27;[2m[           main]&amp#27;[0;39m &amp#27;[36mtc.mysql:8.0                            &amp#27;[0;39m &amp#27;[2m:&amp#27;[0;39m Waiting for database connection to become available at jdbc:mysql://localhost:60980/sm-db using query 'SELECT 1'
&amp#27;[2m2024-12-28T22:27:35.045+02:00&amp#27;[0;39m &amp#27;[32m INFO&amp#27;[0;39m &amp#27;[35m90671&amp#27;[0;39m &amp#27;[2m---&amp#27;[0;39m &amp#27;[2m[           main]&amp#27;[0;39m &amp#27;[36mtc.mysql:8.0                            &amp#27;[0;39m &amp#27;[2m:&amp#27;[0;39m Container mysql:8.0 started in PT16.77413S
&amp#27;[2m2024-12-28T22:27:35.046+02:00&amp#27;[0;39m &amp#27;[32m INFO&amp#27;[0;39m &amp#27;[35m90671&amp#27;[0;39m &amp#27;[2m---&amp#27;[0;39m &amp#27;[2m[           main]&amp#27;[0;39m &amp#27;[36mtc.mysql:8.0                            &amp#27;[0;39m &amp#27;[2m:&amp#27;[0;39m Container is started (JDBC URL: jdbc:mysql://localhost:60980/sm-db)
&amp#27;[2m2024-12-28T22:27:35.055+02:00&amp#27;[0;39m &amp#27;[32m INFO&amp#27;[0;39m &amp#27;[35m90671&amp#27;[0;39m &amp#27;[2m---&amp#27;[0;39m &amp#27;[2m[           main]&amp#27;[0;39m &amp#27;[36morg.testcontainers.ext.ScriptUtils      &amp#27;[0;39m &amp#27;[2m:&amp#27;[0;39m Executing database script from init.sql
&amp#27;[2m2024-12-28T22:27:35.160+02:00&amp#27;[0;39m &amp#27;[32m INFO&amp#27;[0;39m &amp#27;[35m90671&amp#27;[0;39m &amp#27;[2m---&amp#27;[0;39m &amp#27;[2m[           main]&amp#27;[0;39m &amp#27;[36morg.testcontainers.ext.ScriptUtils      &amp#27;[0;39m &amp#27;[2m:&amp#27;[0;39m Executed database script from init.sql in 105 ms.

  .   ____          _            __ _ _
 /\\ / ___'_ __ _ _(_)_ __  __ _ \ \ \ \
( ( )\___ | '_ | '_| | '_ \/ _` | \ \ \ \
 \\/  ___)| |_)| | | | | || (_| |  ) ) ) )
  '  |____| .__|_| |_|_| |_\__, | / / / /
 =========|_|==============|___/=/_/_/_/
&amp#27;[32m :: Spring Boot :: &amp#27;[39m              &amp#27;[2m (v3.1.5)&amp#27;[0;39m

&amp#27;[2m2024-12-28T22:27:35.475+02:00&amp#27;[0;39m &amp#27;[32m INFO&amp#27;[0;39m &amp#27;[35m90671&amp#27;[0;39m &amp#27;[2m---&amp#27;[0;39m &amp#27;[2m[           main]&amp#27;[0;39m &amp#27;[36mc.g.n.s.i.s.DeleteImageServiceTest      &amp#27;[0;39m &amp#27;[2m:&amp#27;[0;39m Starting DeleteImageServiceTest using Java 23.0.1 with PID 90671 (started by mac in /Users/mac/Desktop/slideshow-management/delete-image-api)
&amp#27;[2m2024-12-28T22:27:35.475+02:00&amp#27;[0;39m &amp#27;[32m INFO&amp#27;[0;39m &amp#27;[35m90671&amp#27;[0;39m &amp#27;[2m---&amp#27;[0;39m &amp#27;[2m[           main]&amp#27;[0;39m &amp#27;[36mc.g.n.s.i.s.DeleteImageServiceTest      &amp#27;[0;39m &amp#27;[2m:&amp#27;[0;39m The following 1 profile is active: "test"
&amp#27;[2m2024-12-28T22:27:35.871+02:00&amp#27;[0;39m &amp#27;[32m INFO&amp#27;[0;39m &amp#27;[35m90671&amp#27;[0;39m &amp#27;[2m---&amp#27;[0;39m &amp#27;[2m[           main]&amp#27;[0;39m &amp#27;[36m.s.d.r.c.RepositoryConfigurationDelegate&amp#27;[0;39m &amp#27;[2m:&amp#27;[0;39m Bootstrapping Spring Data R2DBC repositories in DEFAULT mode.
&amp#27;[2m2024-12-28T22:27:35.955+02:00&amp#27;[0;39m &amp#27;[32m INFO&amp#27;[0;39m &amp#27;[35m90671&amp#27;[0;39m &amp#27;[2m---&amp#27;[0;39m &amp#27;[2m[           main]&amp#27;[0;39m &amp#27;[36m.s.d.r.c.RepositoryConfigurationDelegate&amp#27;[0;39m &amp#27;[2m:&amp#27;[0;39m Finished Spring Data repository scanning in 79 ms. Found 2 R2DBC repository interfaces.
&amp#27;[2m2024-12-28T22:27:36.513+02:00&amp#27;[0;39m &amp#27;[32m INFO&amp#27;[0;39m &amp#27;[35m90671&amp#27;[0;39m &amp#27;[2m---&amp#27;[0;39m &amp#27;[2m[           main]&amp#27;[0;39m &amp#27;[36mc.g.n.s.i.s.DeleteImageServiceTest      &amp#27;[0;39m &amp#27;[2m:&amp#27;[0;39m Started DeleteImageServiceTest in 1.218 seconds (process running for 29.153)
&amp#27;[2m2024-12-28T22:27:36.773+02:00&amp#27;[0;39m &amp#27;[31mERROR&amp#27;[0;39m &amp#27;[35m90671&amp#27;[0;39m &amp#27;[2m---&amp#27;[0;39m &amp#27;[2m[       single-1]&amp#27;[0;39m &amp#27;[36mi.n.r.d.DnsServerAddressStreamProviders &amp#27;[0;39m &amp#27;[2m:&amp#27;[0;39m Unable to load io.netty.resolver.dns.macos.MacOSDnsServerAddressStreamProvider, fallback to system defaults. This may result in incorrect DNS resolutions on MacOS. Check whether you have a dependency on 'io.netty:netty-resolver-dns-native-macos'. Use DEBUG level to see the full stack: java.lang.UnsatisfiedLinkError: failed to load the required native library
&amp#27;[2m2024-12-28T22:27:37.488+02:00&amp#27;[0;39m &amp#27;[32m INFO&amp#27;[0;39m &amp#27;[35m90671&amp#27;[0;39m &amp#27;[2m---&amp#27;[0;39m &amp#27;[2m[actor-tcp-nio-3]&amp#27;[0;39m &amp#27;[36mc.g.n.s.i.service.DeleteImageService    &amp#27;[0;39m &amp#27;[2m:&amp#27;[0;39m Deleting image by id, id=[2]
]]></system-out>
  </testcase>
</testsuite>