<?xml version="1.0" encoding="UTF-8"?>
<testsuite xmlns:xsi="http://www.w3.org/2001/XMLSchema-instance" xsi:noNamespaceSchemaLocation="https://maven.apache.org/surefire/maven-surefire-plugin/xsd/surefire-test-report-3.0.xsd" version="3.0" name="com.github.nazdov.slideshow.service.AddSlideshowServiceTest" time="26.452" tests="3" errors="0" skipped="0" failures="0">
  <properties>
[...]
</properties>
  <testcase name="testAddSlideshow_whenImagesNotFound_ExpectError" classname="com.github.nazdov.slideshow.service.AddSlideshowServiceTest" time="0.588">
    <system-out><![CDATA[&amp#27;[2m2024-12-28T22:27:41.116+02:00&amp#27;[0;39m &amp#27;[32m INFO&amp#27;[0;39m &amp#27;[35m90711&amp#27;[0;39m &amp#27;[2m---&amp#27;[0;39m &amp#27;[2m[           main]&amp#27;[0;39m &amp#27;[36mt.c.s.AnnotationConfigContextLoaderUtils&amp#27;[0;39m &amp#27;[2m:&amp#27;[0;39m Could not detect default configuration classes for test class [com.github.nazdov.slideshow.service.AddSlideshowServiceTest]: AddSlideshowServiceTest does not declare any static, non-private, non-final, nested classes annotated with @Configuration.
&amp#27;[2m2024-12-28T22:27:41.125+02:00&amp#27;[0;39m &amp#27;[32m INFO&amp#27;[0;39m &amp#27;[35m90711&amp#27;[0;39m &amp#27;[2m---&amp#27;[0;39m &amp#27;[2m[           main]&amp#27;[0;39m &amp#27;[36m.b.t.c.SpringBootTestContextBootstrapper&amp#27;[0;39m &amp#27;[2m:&amp#27;[0;39m Found @SpringBootConfiguration com.github.nazdov.slideshow.AddSlideshowApplication for test class com.github.nazdov.slideshow.service.AddSlideshowServiceTest
&amp#27;[2m2024-12-28T22:27:41.162+02:00&amp#27;[0;39m &amp#27;[32m INFO&amp#27;[0;39m &amp#27;[35m90711&amp#27;[0;39m &amp#27;[2m---&amp#27;[0;39m &amp#27;[2m[           main]&amp#27;[0;39m &amp#27;[36mo.t.utility.ImageNameSubstitutor        &amp#27;[0;39m &amp#27;[2m:&amp#27;[0;39m Image name substitution will be performed by: DefaultImageNameSubstitutor (composite of 'ConfigurationFileImageNameSubstitutor' and 'PrefixingImageNameSubstitutor')
&amp#27;[2m2024-12-28T22:27:41.251+02:00&amp#27;[0;39m &amp#27;[32m INFO&amp#27;[0;39m &amp#27;[35m90711&amp#27;[0;39m &amp#27;[2m---&amp#27;[0;39m &amp#27;[2m[           main]&amp#27;[0;39m &amp#27;[36mo.t.d.DockerClientProviderStrategy      &amp#27;[0;39m &amp#27;[2m:&amp#27;[0;39m Loaded org.testcontainers.dockerclient.UnixSocketClientProviderStrategy from ~/.testcontainers.properties, will try it first
&amp#27;[2m2024-12-28T22:27:41.832+02:00&amp#27;[0;39m &amp#27;[32m INFO&amp#27;[0;39m &amp#27;[35m90711&amp#27;[0;39m &amp#27;[2m---&amp#27;[0;39m &amp#27;[2m[           main]&amp#27;[0;39m &amp#27;[36mo.t.d.DockerClientProviderStrategy      &amp#27;[0;39m &amp#27;[2m:&amp#27;[0;39m Found Docker environment with local Unix socket (unix:///var/run/docker.sock)
&amp#27;[2m2024-12-28T22:27:41.837+02:00&amp#27;[0;39m &amp#27;[32m INFO&amp#27;[0;39m &amp#27;[35m90711&amp#27;[0;39m &amp#27;[2m---&amp#27;[0;39m &amp#27;[2m[           main]&amp#27;[0;39m &amp#27;[36morg.testcontainers.DockerClientFactory  &amp#27;[0;39m &amp#27;[2m:&amp#27;[0;39m Docker host IP address is localhost
&amp#27;[2m2024-12-28T22:27:41.876+02:00&amp#27;[0;39m &amp#27;[32m INFO&amp#27;[0;39m &amp#27;[35m90711&amp#27;[0;39m &amp#27;[2m---&amp#27;[0;39m &amp#27;[2m[           main]&amp#27;[0;39m &amp#27;[36morg.testcontainers.DockerClientFactory  &amp#27;[0;39m &amp#27;[2m:&amp#27;[0;39m Connected to docker: 
  Server Version: 20.10.16
  API Version: 1.41
  Operating System: Docker Desktop
  Total Memory: 3933 MB
&amp#27;[2m2024-12-28T22:27:42.193+02:00&amp#27;[0;39m &amp#27;[32m INFO&amp#27;[0;39m &amp#27;[35m90711&amp#27;[0;39m &amp#27;[2m---&amp#27;[0;39m &amp#27;[2m[           main]&amp#27;[0;39m &amp#27;[36mtc.testcontainers/ryuk:0.5.1            &amp#27;[0;39m &amp#27;[2m:&amp#27;[0;39m Creating container for image: testcontainers/ryuk:0.5.1
&amp#27;[2m2024-12-28T22:27:42.892+02:00&amp#27;[0;39m &amp#27;[32m INFO&amp#27;[0;39m &amp#27;[35m90711&amp#27;[0;39m &amp#27;[2m---&amp#27;[0;39m &amp#27;[2m[           main]&amp#27;[0;39m &amp#27;[36mtc.testcontainers/ryuk:0.5.1            &amp#27;[0;39m &amp#27;[2m:&amp#27;[0;39m Container testcontainers/ryuk:0.5.1 is starting: eaac6e6bb3648fc775d5b415db86ec8b063c7718f16fa50b617b750c2d9699ef
&amp#27;[2m2024-12-28T22:27:46.202+02:00&amp#27;[0;39m &amp#27;[32m INFO&amp#27;[0;39m &amp#27;[35m90711&amp#27;[0;39m &amp#27;[2m---&amp#27;[0;39m &amp#27;[2m[           main]&amp#27;[0;39m &amp#27;[36mtc.testcontainers/ryuk:0.5.1            &amp#27;[0;39m &amp#27;[2m:&amp#27;[0;39m Container testcontainers/ryuk:0.5.1 started in PT4.317273S
&amp#27;[2m2024-12-28T22:27:46.226+02:00&amp#27;[0;39m &amp#27;[32m INFO&amp#27;[0;39m &amp#27;[35m90711&amp#27;[0;39m &amp#27;[2m---&amp#27;[0;39m &amp#27;[2m[           main]&amp#27;[0;39m &amp#27;[36mo.t.utility.RyukResourceReaper          &amp#27;[0;39m &amp#27;[2m:&amp#27;[0;39m Ryuk started - will monitor and terminate Testcontainers containers on JVM exit
&amp#27;[2m2024-12-28T22:27:46.228+02:00&amp#27;[0;39m &amp#27;[32m INFO&amp#27;[0;39m &amp#27;[35m90711&amp#27;[0;39m &amp#27;[2m---&amp#27;[0;39m &amp#27;[2m[           main]&amp#27;[0;39m &amp#27;[36morg.testcontainers.DockerClientFactory  &amp#27;[0;39m &amp#27;[2m:&amp#27;[0;39m Checking the system...
&amp#27;[2m2024-12-28T22:27:46.230+02:00&amp#27;[0;39m &amp#27;[32m INFO&amp#27;[0;39m &amp#27;[35m90711&amp#27;[0;39m &amp#27;[2m---&amp#27;[0;39m &amp#27;[2m[           main]&amp#27;[0;39m &amp#27;[36morg.testcontainers.DockerClientFactory  &amp#27;[0;39m &amp#27;[2m:&amp#27;[0;39m ✔︎ Docker server version should be at least 1.6.0
&amp#27;[2m2024-12-28T22:27:46.240+02:00&amp#27;[0;39m &amp#27;[32m INFO&amp#27;[0;39m &amp#27;[35m90711&amp#27;[0;39m &amp#27;[2m---&amp#27;[0;39m &amp#27;[2m[           main]&amp#27;[0;39m &amp#27;[36mtc.mysql:8.0                            &amp#27;[0;39m &amp#27;[2m:&amp#27;[0;39m Creating container for image: mysql:8.0
&amp#27;[2m2024-12-28T22:27:47.537+02:00&amp#27;[0;39m &amp#27;[32m INFO&amp#27;[0;39m &amp#27;[35m90711&amp#27;[0;39m &amp#27;[2m---&amp#27;[0;39m &amp#27;[2m[           main]&amp#27;[0;39m &amp#27;[36mtc.mysql:8.0                            &amp#27;[0;39m &amp#27;[2m:&amp#27;[0;39m Container mysql:8.0 is starting: 23e4b2c9ce21c81892c4777fd54a414990cbba895d9ded39c576b80ce1a58a87
&amp#27;[2m2024-12-28T22:27:49.652+02:00&amp#27;[0;39m &amp#27;[32m INFO&amp#27;[0;39m &amp#27;[35m90711&amp#27;[0;39m &amp#27;[2m---&amp#27;[0;39m &amp#27;[2m[           main]&amp#27;[0;39m &amp#27;[36mtc.mysql:8.0                            &amp#27;[0;39m &amp#27;[2m:&amp#27;[0;39m Waiting for database connection to become available at jdbc:mysql://localhost:61121/sm-db using query 'SELECT 1'
&amp#27;[2m2024-12-28T22:28:05.127+02:00&amp#27;[0;39m &amp#27;[32m INFO&amp#27;[0;39m &amp#27;[35m90711&amp#27;[0;39m &amp#27;[2m---&amp#27;[0;39m &amp#27;[2m[           main]&amp#27;[0;39m &amp#27;[36mtc.mysql:8.0                            &amp#27;[0;39m &amp#27;[2m:&amp#27;[0;39m Container mysql:8.0 started in PT18.882082S
&amp#27;[2m2024-12-28T22:28:05.152+02:00&amp#27;[0;39m &amp#27;[32m INFO&amp#27;[0;39m &amp#27;[35m90711&amp#27;[0;39m &amp#27;[2m---&amp#27;[0;39m &amp#27;[2m[           main]&amp#27;[0;39m &amp#27;[36mtc.mysql:8.0                            &amp#27;[0;39m &amp#27;[2m:&amp#27;[0;39m Container is started (JDBC URL: jdbc:mysql://localhost:61121/sm-db)
&amp#27;[2m2024-12-28T22:28:05.162+02:00&amp#27;[0;39m &amp#27;[32m INFO&amp#27;[0;39m &amp#27;[35m90711&amp#27;[0;39m &amp#27;[2m---&amp#27;[0;39m &amp#27;[2m[           main]&amp#27;[0;39m &amp#27;[36morg.testcontainers.ext.ScriptUtils      &amp#27;[0;39m &amp#27;[2m:&amp#27;[0;39m Executing database script from init.sql
&amp#27;[2m2024-12-28T22:28:05.260+02:00&amp#27;[0;39m &amp#27;[32m INFO&amp#27;[0;39m &amp#27;[35m90711&amp#27;[0;39m &amp#27;[2m---&amp#27;[0;39m &amp#27;[2m[           main]&amp#27;[0;39m &amp#27;[36morg.testcontainers.ext.ScriptUtils      &amp#27;[0;39m &amp#27;[2m:&amp#27;[0;39m Executed database script from init.sql in 98 ms.

  .   ____          _            __ _ _
 /\\ / ___'_ __ _ _(_)_ __  __ _ \ \ \ \
( ( )\___ | '_ | '_| | '_ \/ _` | \ \ \ \
 \\/  ___)| |_)| | | | | || (_| |  ) ) ) )
  '  |____| .__|_| |_|_| |_\__, | / / / /
 =========|_|==============|___/=/_/_/_/
&amp#27;[32m :: Spring Boot :: &amp#27;[39m              &amp#27;[2m (v3.1.5)&amp#27;[0;39m

&amp#27;[2m2024-12-28T22:28:05.511+02:00&amp#27;[0;39m &amp#27;[32m INFO&amp#27;[0;39m &amp#27;[35m90711&amp#27;[0;39m &amp#27;[2m---&amp#27;[0;39m &amp#27;[2m[           main]&amp#27;[0;39m &amp#27;[36mc.g.n.s.service.AddSlideshowServiceTest &amp#27;[0;39m &amp#27;[2m:&amp#27;[0;39m Starting AddSlideshowServiceTest using Java 23.0.1 with PID 90711 (started by mac in /Users/mac/Desktop/slideshow-management/add-slideshow-api)
&amp#27;[2m2024-12-28T22:28:05.511+02:00&amp#27;[0;39m &amp#27;[32m INFO&amp#27;[0;39m &amp#27;[35m90711&amp#27;[0;39m &amp#27;[2m---&amp#27;[0;39m &amp#27;[2m[           main]&amp#27;[0;39m &amp#27;[36mc.g.n.s.service.AddSlideshowServiceTest &amp#27;[0;39m &amp#27;[2m:&amp#27;[0;39m The following 1 profile is active: "test"
&amp#27;[2m2024-12-28T22:28:06.316+02:00&amp#27;[0;39m &amp#27;[32m INFO&amp#27;[0;39m &amp#27;[35m90711&amp#27;[0;39m &amp#27;[2m---&amp#27;[0;39m &amp#27;[2m[           main]&amp#27;[0;39m &amp#27;[36m.s.d.r.c.RepositoryConfigurationDelegate&amp#27;[0;39m &amp#27;[2m:&amp#27;[0;39m Bootstrapping Spring Data R2DBC repositories in DEFAULT mode.
&amp#27;[2m2024-12-28T22:28:06.388+02:00&amp#27;[0;39m &amp#27;[32m INFO&amp#27;[0;39m &amp#27;[35m90711&amp#27;[0;39m &amp#27;[2m---&amp#27;[0;39m &amp#27;[2m[           main]&amp#27;[0;39m &amp#27;[36m.s.d.r.c.RepositoryConfigurationDelegate&amp#27;[0;39m &amp#27;[2m:&amp#27;[0;39m Finished Spring Data repository scanning in 61 ms. Found 2 R2DBC repository interfaces.
&amp#27;[2m2024-12-28T22:28:06.803+02:00&amp#27;[0;39m &amp#27;[32m INFO&amp#27;[0;39m &amp#27;[35m90711&amp#27;[0;39m &amp#27;[2m---&amp#27;[0;39m &amp#27;[2m[           main]&amp#27;[0;39m &amp#27;[36mc.g.n.s.service.AddSlideshowServiceTest &amp#27;[0;39m &amp#27;[2m:&amp#27;[0;39m Started AddSlideshowServiceTest in 1.332 seconds (process running for 27.491)
&amp#27;[2m2024-12-28T22:28:07.055+02:00&amp#27;[0;39m &amp#27;[31mERROR&amp#27;[0;39m &amp#27;[35m90711&amp#27;[0;39m &amp#27;[2m---&amp#27;[0;39m &amp#27;[2m[       single-1]&amp#27;[0;39m &amp#27;[36mi.n.r.d.DnsServerAddressStreamProviders &amp#27;[0;39m &amp#27;[2m:&amp#27;[0;39m Unable to load io.netty.resolver.dns.macos.MacOSDnsServerAddressStreamProvider, fallback to system defaults. This may result in incorrect DNS resolutions on MacOS. Check whether you have a dependency on 'io.netty:netty-resolver-dns-native-macos'. Use DEBUG level to see the full stack: java.lang.UnsatisfiedLinkError: failed to load the required native library
]]></system-out>
  </testcase>
  <testcase name="testAddSlideshow_withValidIds_Created" classname="com.github.nazdov.slideshow.service.AddSlideshowServiceTest" time="0.106"/>
  <testcase name="testAddSlideshow_withValidUrls_Created" classname="com.github.nazdov.slideshow.service.AddSlideshowServiceTest" time="0.059"/>
</testsuite>